# JRE version: OpenJDK Runtime Environment (11.0.10) (build 11.0.10+0-b96-7281165)
# Java VM: OpenJDK 64-Bit Server VM (11.0.10+0-b96-7281165, mixed mode, tiered, compressed oops, g1 gc, bsd-amd64)
Heap:
 garbage-first heap   total 378880K, used 308552K [0x0000000780000000, 0x0000000800000000)
  region size 1024K, 122 young (124928K), 8 survivors (8192K)
 Metaspace       used 144780K, capacity 148865K, committed 149028K, reserved 1179648K
  class space    used 18162K, capacity 19701K, committed 19788K, reserved 1048576K
GC Heap History (20 events):
Event: 10662.226 GC heap after
{Heap after GC invocations=78 (full 0):
 garbage-first heap   total 315392K, used 178448K [0x0000000780000000, 0x0000000800000000)
  region size 1024K, 11 young (11264K), 11 survivors (11264K)
 Metaspace       used 143900K, capacity 147852K, committed 148132K, reserved 1177600K
  class space    used 18097K, capacity 19624K, committed 19660K, reserved 1048576K
}
Event: 10662.462 GC heap before
{Heap before GC invocations=78 (full 0):
 garbage-first heap   total 315392K, used 251152K [0x0000000780000000, 0x0000000800000000)
  region size 1024K, 82 young (83968K), 11 survivors (11264K)
 Metaspace       used 144189K, capacity 148195K, committed 148388K, reserved 1177600K
  class space    used 18111K, capacity 19630K, committed 19660K, reserved 1048576K
}
Event: 10662.475 GC heap after
{Heap after GC invocations=79 (full 0):
 garbage-first heap   total 315392K, used 182773K [0x0000000780000000, 0x0000000800000000)
  region size 1024K, 4 young (4096K), 4 survivors (4096K)
 Metaspace       used 144189K, capacity 148195K, committed 148388K, reserved 1177600K
  class space    used 18111K, capacity 19630K, committed 19660K, reserved 1048576K
}
Event: 10662.715 GC heap before
{Heap before GC invocations=79 (full 0):
 garbage-first heap   total 315392K, used 255477K [0x0000000780000000, 0x0000000800000000)
  region size 1024K, 75 young (76800K), 4 survivors (4096K)
 Metaspace       used 144365K, capacity 148373K, committed 148516K, reserved 1177600K
  class space    used 18126K, capacity 19666K, committed 19788K, reserved 1048576K
}
Event: 10662.720 GC heap after
{Heap after GC invocations=80 (full 0):
 garbage-first heap   total 315392K, used 183780K [0x0000000780000000, 0x0000000800000000)
  region size 1024K, 5 young (5120K), 5 survivors (5120K)
 Metaspace       used 144365K, capacity 148373K, committed 148516K, reserved 1177600K
  class space    used 18126K, capacity 19666K, committed 19788K, reserved 1048576K
}
Event: 10662.963 GC heap before
{Heap before GC invocations=80 (full 0):
 garbage-first heap   total 315392K, used 258532K [0x0000000780000000, 0x0000000800000000)
  region size 1024K, 78 young (79872K), 5 survivors (5120K)
 Metaspace       used 144471K, capacity 148517K, committed 148772K, reserved 1177600K
  class space    used 18144K, capacity 19671K, committed 19788K, reserved 1048576K
}
Event: 10662.968 GC heap after
{Heap after GC invocations=81 (full 0):
 garbage-first heap   total 315392K, used 183707K [0x0000000780000000, 0x0000000800000000)
  region size 1024K, 5 young (5120K), 5 survivors (5120K)
 Metaspace       used 144471K, capacity 148517K, committed 148772K, reserved 1177600K
  class space    used 18144K, capacity 19671K, committed 19788K, reserved 1048576K
}
Event: 10663.207 GC heap before
{Heap before GC invocations=81 (full 0):
 garbage-first heap   total 315392K, used 261531K [0x0000000780000000, 0x0000000800000000)
  region size 1024K, 81 young (82944K), 5 survivors (5120K)
 Metaspace       used 144480K, capacity 148526K, committed 148772K, reserved 1177600K
  class space    used 18146K, capacity 19674K, committed 19788K, reserved 1048576K
}
Event: 10663.213 GC heap after
{Heap after GC invocations=82 (full 0):
 garbage-first heap   total 315392K, used 184359K [0x0000000780000000, 0x0000000800000000)
  region size 1024K, 6 young (6144K), 6 survivors (6144K)
 Metaspace       used 144480K, capacity 148526K, committed 148772K, reserved 1177600K
  class space    used 18146K, capacity 19674K, committed 19788K, reserved 1048576K
}
Event: 10663.457 GC heap before
{Heap before GC invocations=82 (full 0):
 garbage-first heap   total 315392K, used 264231K [0x0000000780000000, 0x0000000800000000)
  region size 1024K, 84 young (86016K), 6 survivors (6144K)
 Metaspace       used 144496K, capacity 148538K, committed 148772K, reserved 1177600K
  class space    used 18148K, capacity 19678K, committed 19788K, reserved 1048576K
}
Event: 10663.464 GC heap after
{Heap after GC invocations=83 (full 0):
 garbage-first heap   total 315392K, used 184544K [0x0000000780000000, 0x0000000800000000)
  region size 1024K, 6 young (6144K), 6 survivors (6144K)
 Metaspace       used 144496K, capacity 148538K, committed 148772K, reserved 1177600K
  class space    used 18148K, capacity 19678K, committed 19788K, reserved 1048576K
}
Event: 10663.757 GC heap before
{Heap before GC invocations=83 (full 0):
 garbage-first heap   total 315392K, used 266464K [0x0000000780000000, 0x0000000800000000)
  region size 1024K, 86 young (88064K), 6 survivors (6144K)
 Metaspace       used 144641K, capacity 148694K, committed 149028K, reserved 1179648K
  class space    used 18153K, capacity 19687K, committed 19788K, reserved 1048576K
}
Event: 10663.765 GC heap after
{Heap after GC invocations=84 (full 0):
 garbage-first heap   total 315392K, used 186744K [0x0000000780000000, 0x0000000800000000)
  region size 1024K, 5 young (5120K), 5 survivors (5120K)
 Metaspace       used 144641K, capacity 148694K, committed 149028K, reserved 1179648K
  class space    used 18153K, capacity 19687K, committed 19788K, reserved 1048576K
}
Event: 10663.990 GC heap before
{Heap before GC invocations=84 (full 0):
 garbage-first heap   total 315392K, used 268664K [0x0000000780000000, 0x0000000800000000)
  region size 1024K, 85 young (87040K), 5 survivors (5120K)
 Metaspace       used 144662K, capacity 148723K, committed 149028K, reserved 1179648K
  class space    used 18159K, capacity 19697K, committed 19788K, reserved 1048576K
}
Event: 10663.997 GC heap after
{Heap after GC invocations=85 (full 0):
 garbage-first heap   total 315392K, used 190105K [0x0000000780000000, 0x0000000800000000)
  region size 1024K, 9 young (9216K), 9 survivors (9216K)
 Metaspace       used 144662K, capacity 148723K, committed 149028K, reserved 1179648K
  class space    used 18159K, capacity 19697K, committed 19788K, reserved 1048576K
}
Event: 10664.223 GC heap before
{Heap before GC invocations=85 (full 0):
 garbage-first heap   total 315392K, used 267929K [0x0000000780000000, 0x0000000800000000)
  region size 1024K, 86 young (88064K), 9 survivors (9216K)
 Metaspace       used 144664K, capacity 148723K, committed 149028K, reserved 1179648K
  class space    used 18159K, capacity 19697K, committed 19788K, reserved 1048576K
}
Event: 10664.232 GC heap after
{Heap after GC invocations=86 (full 0):
 garbage-first heap   total 378880K, used 191830K [0x0000000780000000, 0x0000000800000000)
  region size 1024K, 8 young (8192K), 8 survivors (8192K)
 Metaspace       used 144664K, capacity 148723K, committed 149028K, reserved 1179648K
  class space    used 18159K, capacity 19697K, committed 19788K, reserved 1048576K
}
Event: 10664.519 GC heap before
{Heap before GC invocations=86 (full 0):
 garbage-first heap   total 378880K, used 303446K [0x0000000780000000, 0x0000000800000000)
  region size 1024K, 117 young (119808K), 8 survivors (8192K)
 Metaspace       used 144766K, capacity 148856K, committed 149028K, reserved 1179648K
  class space    used 18160K, capacity 19698K, committed 19788K, reserved 1048576K
}
Event: 10664.525 GC heap after
{Heap after GC invocations=87 (full 0):
 garbage-first heap   total 378880K, used 191816K [0x0000000780000000, 0x0000000800000000)
  region size 1024K, 8 young (8192K), 8 survivors (8192K)
 Metaspace       used 144766K, capacity 148856K, committed 149028K, reserved 1179648K
  class space    used 18160K, capacity 19698K, committed 19788K, reserved 1048576K
}
Event: 10664.895 GC heap before
{Heap before GC invocations=87 (full 0):
 garbage-first heap   total 378880K, used 308552K [0x0000000780000000, 0x0000000800000000)
  region size 1024K, 122 young (124928K), 8 survivors (8192K)
 Metaspace       used 144780K, capacity 148865K, committed 149028K, reserved 1179648K
  class space    used 18162K, capacity 19701K, committed 19788K, reserved 1048576K
}

